Using pre-set license
Built from '2020.3/release' branch; Version is '2020.3.1f1 (77a89f25062f) revision 7841951'; Using compiler version '192528614'; Build Type 'Release'
OS: 'Windows 10 Home; OS build 19044.2006; Version 2009; 64bit' Language: 'en' Physical Memory: 16335 MB
BatchMode: 1, IsHumanControllingUs: 0, StartBugReporterOnCrash: 0, Is64bit: 1, IsPro: 0

 COMMAND LINE ARGUMENTS:
C:\Program Files\Unity\Hub\Editor\2020.3.1f1\Editor\Unity.exe
-adb2
-batchMode
-noUpm
-name
AssetImportWorker0
-projectPath
C:/Users/Owner/Desktop/UnityThings/Ant
-logFile
Logs/AssetImportWorker0.log
-srvPort
64171
Successfully changed project path to: C:/Users/Owner/Desktop/UnityThings/Ant
C:/Users/Owner/Desktop/UnityThings/Ant
Using Asset Import Pipeline V2.
Refreshing native plugins compatible for Editor in 41.10 ms, found 1 plugins.
Preloading 0 native plugins for Editor in 0.00 ms.
Initialize engine version: 2020.3.1f1 (77a89f25062f)
[Subsystems] Discovering subsystems at path C:/Program Files/Unity/Hub/Editor/2020.3.1f1/Editor/Data/Resources/UnitySubsystems
[Subsystems] Discovering subsystems at path C:/Users/Owner/Desktop/UnityThings/Ant/Assets
GfxDevice: creating device client; threaded=0
Direct3D:
    Version:  Direct3D 11.0 [level 11.1]
    Renderer: NVIDIA GeForce GTX 1060 6GB (ID=0x1c03)
    Vendor:   
    VRAM:     6052 MB
    Driver:   31.0.15.1694
Initialize mono
Mono path[0] = 'C:/Program Files/Unity/Hub/Editor/2020.3.1f1/Editor/Data/Managed'
Mono path[1] = 'C:/Program Files/Unity/Hub/Editor/2020.3.1f1/Editor/Data/MonoBleedingEdge/lib/mono/unityjit'
Mono config path = 'C:/Program Files/Unity/Hub/Editor/2020.3.1f1/Editor/Data/MonoBleedingEdge/etc'
Using monoOptions --debugger-agent=transport=dt_socket,embedding=1,server=y,suspend=n,address=127.0.0.1:56168
Begin MonoManager ReloadAssembly
Registering precompiled unity dll's ...
Register platform support module: C:/Program Files/Unity/Hub/Editor/2020.3.1f1/Editor/Data/PlaybackEngines/WindowsStandaloneSupport/UnityEditor.WindowsStandalone.Extensions.dll
Registered in 0.002650 seconds.
Native extension for WindowsStandalone target not found
Refreshing native plugins compatible for Editor in 36.97 ms, found 1 plugins.
Preloading 0 native plugins for Editor in 0.00 ms.
Invoked RoslynAnalysisRunner static constructor.
RoslynAnalysisRunner will not be running.
RoslynAnalysisRunner has terminated.
Mono: successfully reloaded assembly
- Completed reload, in  2.448 seconds
Platform modules already initialized, skipping
Registering precompiled user dll's ...
Registered in 0.001176 seconds.
Begin MonoManager ReloadAssembly
Native extension for WindowsStandalone target not found
Refreshing native plugins compatible for Editor in 37.92 ms, found 1 plugins.
Preloading 0 native plugins for Editor in 0.00 ms.
Invoked RoslynAnalysisRunner static constructor.
RoslynAnalysisRunner will not be running.
RoslynAnalysisRunner has terminated.
Mono: successfully reloaded assembly
- Completed reload, in  0.996 seconds
Platform modules already initialized, skipping
========================================================================
Worker process is ready to serve import requests
Launched and connected shader compiler UnityShaderCompiler.exe after 0.05 seconds
Refreshing native plugins compatible for Editor in 0.37 ms, found 1 plugins.
Preloading 0 native plugins for Editor in 0.00 ms.
Unloading 1808 Unused Serialized files (Serialized files now loaded: 0)
System memory in use before: 84.6 MB.
System memory in use after: 84.6 MB.

Unloading 24 unused Assets to reduce memory usage. Loaded Objects now: 2250.
Total: 2.391200 ms (FindLiveObjects: 0.258600 ms CreateObjectMapping: 0.048000 ms MarkObjects: 1.932800 ms  DeleteObjects: 0.150700 ms)

========================================================================
Received Import Request.
  path: Assets/DeadCell.prefab
  artifactKey: Guid(c9ce59db6f09dd246ab2f60449b0e28f) Importer(815301076,1909f56bfc062723c751e8b465ee728b)
Start importing Assets/DeadCell.prefab using Guid(c9ce59db6f09dd246ab2f60449b0e28f) Importer(815301076,1909f56bfc062723c751e8b465ee728b)  -> (artifact id: '2fb160b165f81fdf8062c526bea62205') in 0.073342 seconds
  Import took 0.076467 seconds .

========================================================================
Received Import Request.
  Time since last request: 25.977130 seconds.
  path: Assets/LiveCell.prefab
  artifactKey: Guid(3133332123d8b3a4eb57cc6d47f986be) Importer(815301076,1909f56bfc062723c751e8b465ee728b)
Start importing Assets/LiveCell.prefab using Guid(3133332123d8b3a4eb57cc6d47f986be) Importer(815301076,1909f56bfc062723c751e8b465ee728b)  -> (artifact id: 'e095900933f870a0a09747e17e67b2a6') in 0.073232 seconds
  Import took 0.076914 seconds .

========================================================================
Received Import Request.
  Time since last request: 4.862418 seconds.
  path: Assets/DeadCell.prefab
  artifactKey: Guid(c9ce59db6f09dd246ab2f60449b0e28f) Importer(815301076,1909f56bfc062723c751e8b465ee728b)
Start importing Assets/DeadCell.prefab using Guid(c9ce59db6f09dd246ab2f60449b0e28f) Importer(815301076,1909f56bfc062723c751e8b465ee728b)  -> (artifact id: 'df89deed03a4871044e6817513be664f') in 0.005040 seconds
  Import took 0.008348 seconds .

AssetImportWorkerClient::OnTransportError - code=2 error=End of file
